<?xml version="1.0" encoding="UTF-8"?>
<!-- Generated by org.testng.reporters.JUnitReportReporter -->
<testsuite hostname="DESKTOP-4G601IO" failures="0" tests="2" name="com.GarageDoors.garageDoors" time="30.862" errors="0" timestamp="2022-10-23T03:31:31 PDT" skipped="0">
  <testcase classname="com.GarageDoors.garageDoors" name="titleNacceptCook" time="2.561"/>
  <system-out/>
  <testcase classname="com.GarageDoors.garageDoors" name="NavMatch" time="28.301"/>
  <system-out/>
</testsuite> <!-- com.GarageDoors.garageDoors -->
